<?xml version="1.0" encoding="UTF-8"?>
<!-- Generated by org.testng.reporters.JUnitReportReporter -->
<testsuite hostname="ilab-tb" name="JobApplicationFirstTest" tests="2" failures="0" timestamp="19 Sep 2019 19:16:36 GMT" time="67.644" errors="0">
  <testcase name="unitTest" time="34.181" classname="JobApplicationFirstTest"/>
  <testcase name="unitTest" time="33.463" classname="JobApplicationFirstTest"/>
</testsuite> <!-- JobApplicationFirstTest -->
