<?xml version="1.0" encoding="UTF-8"?>
<!-- Generated by org.testng.reporters.JUnitReportReporter -->
<testsuite hostname="ilab-tb" name="JobApplicationSecondTest" tests="2" failures="0" timestamp="19 Sep 2019 19:16:36 GMT" time="67.273" errors="0">
  <testcase name="unitTest" time="32.637" classname="JobApplicationSecondTest"/>
  <testcase name="unitTest" time="34.636" classname="JobApplicationSecondTest"/>
</testsuite> <!-- JobApplicationSecondTest -->
